<?xml version="1.0" encoding="UTF-8"?>
<coverage generated="1732480343200" clover="3.2.0">
  <project timestamp="1732480343200" name="All files">
    <metrics statements="6" coveredstatements="0" conditionals="6" coveredconditionals="0" methods="1" coveredmethods="0" elements="13" coveredelements="0" complexity="0" loc="6" ncloc="6" packages="1" files="1" classes="1"/>
    <file name="calculateRentalCost.js" path="/Users/antontkachuk/WebstormProjects/js_task-transportation-on-vacation/src/calculateRentalCost.js">
      <metrics statements="6" coveredstatements="0" conditionals="6" coveredconditionals="0" methods="1" coveredmethods="0"/>
      <line num="7" count="0" type="stmt"/>
      <line num="9" count="0" type="cond" truecount="0" falsecount="2"/>
      <line num="10" count="0" type="stmt"/>
      <line num="11" count="0" type="cond" truecount="0" falsecount="4"/>
      <line num="12" count="0" type="stmt"/>
      <line num="15" count="0" type="stmt"/>
    </file>
  </project>
</coverage>
