{"C:\\Users\\Владислав\\Desktop\\Java\\js_task-transportation-on-vacation\\js_stateful-clones\\src\\transformStateWithClones.js": {"path":"C:\\Users\\Владислав\\Desktop\\Java\\js_task-transportation-on-vacation\\js_stateful-clones\\src\\transformStateWithClones.js","statementMap":{"0":{"start":{"line":10,"column":17},"end":{"line":10,"column":19}},"1":{"start":{"line":11,"column":18},"end":{"line":11,"column":30}},"2":{"start":{"line":13,"column":2},"end":{"line":40,"column":3}},"3":{"start":{"line":14,"column":4},"end":{"line":37,"column":5}},"4":{"start":{"line":16,"column":8},"end":{"line":19,"column":10}},"5":{"start":{"line":20,"column":8},"end":{"line":20,"column":14}},"6":{"start":{"line":23,"column":25},"end":{"line":23,"column":41}},"7":{"start":{"line":25,"column":8},"end":{"line":27,"column":9}},"8":{"start":{"line":26,"column":10},"end":{"line":26,"column":31}},"9":{"start":{"line":28,"column":8},"end":{"line":28,"column":29}},"10":{"start":{"line":29,"column":8},"end":{"line":29,"column":14}},"11":{"start":{"line":32,"column":8},"end":{"line":32,"column":23}},"12":{"start":{"line":33,"column":8},"end":{"line":33,"column":14}},"13":{"start":{"line":36,"column":8},"end":{"line":36,"column":63}},"14":{"start":{"line":39,"column":4},"end":{"line":39,"column":34}},"15":{"start":{"line":42,"column":2},"end":{"line":42,"column":16}},"16":{"start":{"line":45,"column":0},"end":{"line":45,"column":42}}},"fnMap":{"0":{"name":"transformStateWithClones","decl":{"start":{"line":9,"column":9},"end":{"line":9,"column":33}},"loc":{"start":{"line":9,"column":50},"end":{"line":43,"column":1}},"line":9}},"branchMap":{"0":{"loc":{"start":{"line":14,"column":4},"end":{"line":37,"column":5}},"type":"switch","locations":[{"start":{"line":15,"column":6},"end":{"line":20,"column":14}},{"start":{"line":22,"column":6},"end":{"line":29,"column":14}},{"start":{"line":31,"column":6},"end":{"line":33,"column":14}},{"start":{"line":35,"column":6},"end":{"line":36,"column":63}}],"line":14}},"s":{"0":12,"1":12,"2":12,"3":21,"4":8,"5":8,"6":7,"7":7,"8":11,"9":7,"10":7,"11":6,"12":6,"13":0,"14":21,"15":12,"16":1},"f":{"0":12},"b":{"0":[8,7,6,0]},"_coverageSchema":"1a1c01bbd47fc00a2c39e90264f33305004495a9","hash":"1aa2c427d9806dd488ea2dc047cc4031c00e1edb"}
}
